<?xml version="1.0" encoding="UTF-8"?>
<testng-results ignored="0" total="1" passed="1" failed="0" skipped="0">
  <reporter-output>
  </reporter-output>
  <suite started-at="2021-07-04T22:36:06 IST" name="Default suite" finished-at="2021-07-04T22:36:14 IST" duration-ms="8288">
    <groups>
    </groups>
    <test started-at="2021-07-04T22:36:06 IST" name="Default test" finished-at="2021-07-04T22:36:14 IST" duration-ms="8288">
      <class name="StepDefinitions.ParallelTest">
        <test-method signature="data()[pri:0, instance:StepDefinitions.ParallelTest@1b2abca6]" started-at="2021-07-04T22:36:06 IST" name="data" finished-at="2021-07-04T22:36:14 IST" duration-ms="8190" status="PASS">
          <reporter-output>
          </reporter-output>
        </test-method> <!-- data -->
      </class> <!-- StepDefinitions.ParallelTest -->
    </test> <!-- Default test -->
  </suite> <!-- Default suite -->
</testng-results>
